Unity Editor version:    2021.2.4f1 (c97045dbaa56)
Branch:                  HEAD
Build type:              Debug
Batch mode:              YES
macOS version:           Version 11.6 (Build 20G165)
Darwin version:          20.6.0
Architecture:            x86_64
Running under Rosetta:   NO
Available memory:        16384 MB
Using pre-set license
Pro License: NO

COMMAND LINE ARGUMENTS:
/Users/sofia/Documents/Source/unity/build/MacEditor/x64/Debug/Unity.app/Contents/MacOS/Unity
-adb2
-batchMode
-noUpm
-name
AssetImportWorker0
-projectPath
/Users/sofia/Documents/Personal/Memorama_MurderPixels_Unity
-logFile
Logs/AssetImportWorker0.log
-srvPort
52020
Successfully changed project path to: /Users/sofia/Documents/Personal/Memorama_MurderPixels_Unity
/Users/sofia/Documents/Personal/Memorama_MurderPixels_Unity
[UnityMemory] Configuration Parameters - Can be set up in boot.config
    "memorysetup-bucket-allocator-granularity=16"
    "memorysetup-bucket-allocator-bucket-count=8"
    "memorysetup-bucket-allocator-block-size=33554432"
    "memorysetup-bucket-allocator-block-count=8"
    "memorysetup-main-allocator-block-size=16777216"
    "memorysetup-thread-allocator-block-size=16777216"
    "memorysetup-gfx-main-allocator-block-size=16777216"
    "memorysetup-gfx-thread-allocator-block-size=16777216"
    "memorysetup-cache-allocator-block-size=4194304"
    "memorysetup-typetree-allocator-block-size=2097152"
    "memorysetup-profiler-bucket-allocator-granularity=16"
    "memorysetup-profiler-bucket-allocator-bucket-count=8"
    "memorysetup-profiler-bucket-allocator-block-size=33554432"
    "memorysetup-profiler-bucket-allocator-block-count=8"
    "memorysetup-profiler-allocator-block-size=16777216"
    "memorysetup-profiler-editor-allocator-block-size=1048576"
    "memorysetup-temp-allocator-size-main=16777216"
    "memorysetup-job-temp-allocator-block-size=2097152"
    "memorysetup-job-temp-allocator-block-size-background=1048576"
    "memorysetup-job-temp-allocator-reduction-small-platforms=262144"
    "memorysetup-temp-allocator-size-background-worker=32768"
    "memorysetup-temp-allocator-size-job-worker=262144"
    "memorysetup-temp-allocator-size-preload-manager=33554432"
    "memorysetup-temp-allocator-size-nav-mesh-worker=65536"
    "memorysetup-temp-allocator-size-audio-worker=65536"
    "memorysetup-temp-allocator-size-cloud-worker=32768"
    "memorysetup-temp-allocator-size-gi-baking-worker=262144"
    "memorysetup-temp-allocator-size-gfx=262144"
Refreshing native plugins compatible for Editor in 207.83 ms, found 3 plugins.
Preloading 0 native plugins for Editor in 0.00 ms.
Initialize engine version: 2021.2.4f1 (c97045dbaa56)
[Subsystems] Discovering subsystems at path /Users/sofia/Documents/Source/unity/build/MacEditor/x64/Debug/Unity.app/Contents/Resources/UnitySubsystems
[Subsystems] Discovering subsystems at path /Users/sofia/Documents/Personal/Memorama_MurderPixels_Unity/Assets
GfxDevice: creating device client; threaded=0; jobified=0
Color LCD preferred device: Intel(R) UHD Graphics 630 (low power)
Metal devices available: 2
0: AMD Radeon Pro 5500M (high power)
1: Intel(R) UHD Graphics 630 (low power)
Using device AMD Radeon Pro 5500M (high power)
Initializing Metal device caps: AMD Radeon Pro 5500M
Initialize mono
Mono path[0] = '/Users/sofia/Documents/Source/unity/build/MacEditor/x64/Debug/Unity.app/Contents/Managed'
Mono path[1] = '/Users/sofia/Documents/Source/unity/build/MacEditor/x64/Debug/Unity.app/Contents/MonoBleedingEdge/lib/mono/unityjit-macos'
Mono config path = '/Users/sofia/Documents/Source/unity/build/MacEditor/x64/Debug/Unity.app/Contents/MonoBleedingEdge/etc'
Using monoOptions --debugger-agent=transport=dt_socket,embedding=1,server=y,suspend=n,address=127.0.0.1:56269
Begin MonoManager ReloadAssembly
Registering precompiled unity dll's ...
Trying to register platform support module: /Users/sofia/Documents/Source/unity/build/CloudRendering/UnityEditor.CloudRendering.Extensions.dll (that doesn't exist). Retrying without overrides.
Platform support module is not available: /Users/sofia/Documents/Source/unity/build/CloudRendering/UnityEditor.CloudRendering.Extensions.dll
Registered in 0.005343 seconds.
Refreshing native plugins compatible for Editor in 181.92 ms, found 3 plugins.
Preloading 0 native plugins for Editor in 0.00 ms.
Mono: successfully reloaded assembly
- Completed reload, in  1.213 seconds
Domain Reload Profiling:
	ReloadAssembly (1215ms)
		BeginReloadAssembly (157ms)
			ExecutionOrderSort (0ms)
			DisableScriptedObjects (0ms)
			BackupInstance (0ms)
			ReleaseScriptingObjects (0ms)
			CreateAndSetChildDomain (2ms)
		EndReloadAssembly (919ms)
			LoadAssemblies (154ms)
			RebuildTransferFunctionScriptingTraits (0ms)
			SetupTypeCache (200ms)
			ReleaseScriptCaches (0ms)
			RebuildScriptCaches (75ms)
			SetupLoadedEditorAssemblies (569ms)
				LogAssemblyErrors (0ms)
				InitializePlatformSupportModulesInManaged (4ms)
				SetLoadedEditorAssemblies (0ms)
				RefreshPlugins (182ms)
				BeforeProcessingInitializeOnLoad (2ms)
				ProcessInitializeOnLoadAttributes (304ms)
				ProcessInitializeOnLoadMethodAttributes (76ms)
				AfterProcessingInitializeOnLoad (0ms)
				EditorAssembliesLoaded (0ms)
			ExecutionOrderSort2 (0ms)
			AwakeInstancesAfterBackupRestoration (0ms)
Platform modules already initialized, skipping
Registering precompiled user dll's ...
Registered in 0.016581 seconds.
Begin MonoManager ReloadAssembly
Refreshing native plugins compatible for Editor in 3.54 ms, found 3 plugins.
Preloading 0 native plugins for Editor in 0.00 ms.
Package Manager log level set to [2]
Request called before API is initialized
UnityEngine.StackTraceUtility:ExtractStackTrace () (at /Users/sofia/Documents/Source/unity/Runtime/Export/Scripting/StackTrace.cs:37)
UnityEditor.PackageManager.Client:List (bool,bool) (at /Users/sofia/Documents/Source/unity/Modules/PackageManager/Editor/Managed/Client.cs:13)
UnityEditor.PackageManager.Client:List () (at /Users/sofia/Documents/Source/unity/Modules/PackageManager/Editor/Managed/Client.cs:24)
UnityEditor.Purchasing.UnityPurchasingEditor:CheckUdpUmpPackageInstalled () (at Library/PackageCache/com.unity.purchasing@4.1.1/Editor/UnityPurchasingEditor.cs:84)
System.Reflection.RuntimeMethodInfo:Invoke (object,System.Reflection.BindingFlags,System.Reflection.Binder,object[],System.Globalization.CultureInfo)
System.Reflection.MethodBase:Invoke (object,object[])
UnityEditor.EditorAssemblies:ProcessInitializeOnLoadMethodAttributes () (at /Users/sofia/Documents/Source/unity/Editor/Mono/EditorAssemblies.cs:147)

[/Users/sofia/Documents/Source/unity/Modules/PackageManager/Editor/Managed/Client.cs line 13]

Mono: successfully reloaded assembly
- Completed reload, in  3.515 seconds
Domain Reload Profiling:
	ReloadAssembly (3516ms)
		BeginReloadAssembly (348ms)
			ExecutionOrderSort (0ms)
			DisableScriptedObjects (11ms)
			BackupInstance (0ms)
			ReleaseScriptingObjects (0ms)
			CreateAndSetChildDomain (40ms)
		EndReloadAssembly (2945ms)
			LoadAssemblies (148ms)
			RebuildTransferFunctionScriptingTraits (0ms)
			SetupTypeCache (447ms)
			ReleaseScriptCaches (1ms)
			RebuildScriptCaches (138ms)
			SetupLoadedEditorAssemblies (1147ms)
				LogAssemblyErrors (0ms)
				InitializePlatformSupportModulesInManaged (3ms)
				SetLoadedEditorAssemblies (1ms)
				RefreshPlugins (6ms)
				BeforeProcessingInitializeOnLoad (226ms)
				ProcessInitializeOnLoadAttributes (747ms)
				ProcessInitializeOnLoadMethodAttributes (159ms)
				AfterProcessingInitializeOnLoad (4ms)
				EditorAssembliesLoaded (0ms)
			ExecutionOrderSort2 (0ms)
			AwakeInstancesAfterBackupRestoration (5ms)
Platform modules already initialized, skipping
========================================================================
Worker process is ready to serve import requests
Launching external process: /Users/sofia/Documents/Source/unity/build/MacEditor/x64/Debug/Unity.app/Contents/Tools/UnityShaderCompiler
Launched and connected shader compiler UnityShaderCompiler after 0.02 seconds
Refreshing native plugins compatible for Editor in 2.42 ms, found 3 plugins.
Preloading 0 native plugins for Editor in 0.00 ms.
Unloading 2216 Unused Serialized files (Serialized files now loaded: 0)
Unloading 66 unused Assets / (49.9 KB). Loaded Objects now: 2678.
Memory consumption went from 186.3 MB to 186.2 MB.
Total: 7.989381 ms (FindLiveObjects: 0.522115 ms CreateObjectMapping: 0.333215 ms MarkObjects: 6.756307 ms  DeleteObjects: 0.370403 ms)

AssetImportParameters requested are different than current active one (requested -> active):
  custom:video-decoder-ogg-theora: a1e56fd34408186e4bbccfd4996cb3dc -> 
  custom:container-muxer-webm: aa71ff27fc2769a1b78a27578f13a17b -> 
  custom:container-demuxer-webm: 4f35f7cbe854078d1ac9338744f61a02 -> 
  custom:video-encoder-webm-vp8: eb34c28f22e8b96e1ab97ce403110664 -> 
  custom:framework-osx-AVFoundation: e770b220cccbd017edd2c1fefb359320 -> 
  custom:audio-encoder-webm-vorbis: bf7c407c2cedff20999df2af8eb42d56 -> 
  custom:container-demuxer-ogg: 62fdf1f143b41e24485cea50d1cbac27 -> 
  custom:video-decoder-webm-vp8: 9c59270c3fd7afecdb556c50c9e8de78 -> 
  custom:audio-decoder-ogg-vorbis: bf7c407c2cedff20999df2af8eb42d56 -> 
========================================================================
Received Import Request.
  Time since last request: 2129.342688 seconds.
  path: Assets/Scenes/MainMenu.unity
  artifactKey: Guid(c5ed8ce66b9a811499d7aab240900bdc) Importer(815301076,1909f56bfc062723c751e8b465ee728b)
Start importing Assets/Scenes/MainMenu.unity using Guid(c5ed8ce66b9a811499d7aab240900bdc) Importer(815301076,1909f56bfc062723c751e8b465ee728b)  -> (artifact id: '6b2667bf01923e0405ebacaba5a82fbc') in 0.019949 seconds 
========================================================================
Received Prepare
Registering precompiled user dll's ...
Registered in 0.007654 seconds.
Begin MonoManager ReloadAssembly
Refreshing native plugins compatible for Editor in 2.06 ms, found 3 plugins.
Preloading 0 native plugins for Editor in 0.00 ms.
Request called before API is initialized
UnityEngine.StackTraceUtility:ExtractStackTrace () (at /Users/sofia/Documents/Source/unity/Runtime/Export/Scripting/StackTrace.cs:37)
UnityEditor.PackageManager.Client:List (bool,bool) (at /Users/sofia/Documents/Source/unity/Modules/PackageManager/Editor/Managed/Client.cs:13)
UnityEditor.PackageManager.Client:List () (at /Users/sofia/Documents/Source/unity/Modules/PackageManager/Editor/Managed/Client.cs:24)
UnityEditor.Purchasing.UnityPurchasingEditor:CheckUdpUmpPackageInstalled () (at Library/PackageCache/com.unity.purchasing@4.1.1/Editor/UnityPurchasingEditor.cs:84)
System.Reflection.RuntimeMethodInfo:Invoke (object,System.Reflection.BindingFlags,System.Reflection.Binder,object[],System.Globalization.CultureInfo)
System.Reflection.MethodBase:Invoke (object,object[])
UnityEditor.EditorAssemblies:ProcessInitializeOnLoadMethodAttributes () (at /Users/sofia/Documents/Source/unity/Editor/Mono/EditorAssemblies.cs:147)

[/Users/sofia/Documents/Source/unity/Modules/PackageManager/Editor/Managed/Client.cs line 13]

Mono: successfully reloaded assembly
- Completed reload, in  1.554 seconds
Domain Reload Profiling:
	ReloadAssembly (1555ms)
		BeginReloadAssembly (157ms)
			ExecutionOrderSort (0ms)
			DisableScriptedObjects (9ms)
			BackupInstance (0ms)
			ReleaseScriptingObjects (0ms)
			CreateAndSetChildDomain (55ms)
		EndReloadAssembly (1265ms)
			LoadAssemblies (80ms)
			RebuildTransferFunctionScriptingTraits (0ms)
			SetupTypeCache (299ms)
			ReleaseScriptCaches (2ms)
			RebuildScriptCaches (77ms)
			SetupLoadedEditorAssemblies (562ms)
				LogAssemblyErrors (0ms)
				InitializePlatformSupportModulesInManaged (1ms)
				SetLoadedEditorAssemblies (1ms)
				RefreshPlugins (2ms)
				BeforeProcessingInitializeOnLoad (97ms)
				ProcessInitializeOnLoadAttributes (352ms)
				ProcessInitializeOnLoadMethodAttributes (104ms)
				AfterProcessingInitializeOnLoad (4ms)
				EditorAssembliesLoaded (0ms)
			ExecutionOrderSort2 (0ms)
			AwakeInstancesAfterBackupRestoration (5ms)
Platform modules already initialized, skipping
Refreshing native plugins compatible for Editor in 2.33 ms, found 3 plugins.
Preloading 0 native plugins for Editor in 0.00 ms.
Unloading 2082 Unused Serialized files (Serialized files now loaded: 0)
Unloading 119 unused Assets / (25.8 KB). Loaded Objects now: 2618.
Memory consumption went from 182.9 MB to 182.8 MB.
Total: 7.894105 ms (FindLiveObjects: 0.890701 ms CreateObjectMapping: 0.424019 ms MarkObjects: 6.285732 ms  DeleteObjects: 0.291489 ms)

AssetImportParameters requested are different than current active one (requested -> active):
  custom:video-decoder-ogg-theora: a1e56fd34408186e4bbccfd4996cb3dc -> 
  custom:container-muxer-webm: aa71ff27fc2769a1b78a27578f13a17b -> 
  custom:container-demuxer-webm: 4f35f7cbe854078d1ac9338744f61a02 -> 
  custom:video-encoder-webm-vp8: eb34c28f22e8b96e1ab97ce403110664 -> 
  custom:framework-osx-AVFoundation: e770b220cccbd017edd2c1fefb359320 -> 
  custom:audio-encoder-webm-vorbis: bf7c407c2cedff20999df2af8eb42d56 -> 
  custom:container-demuxer-ogg: 62fdf1f143b41e24485cea50d1cbac27 -> 
  custom:video-decoder-webm-vp8: 9c59270c3fd7afecdb556c50c9e8de78 -> 
  custom:audio-decoder-ogg-vorbis: bf7c407c2cedff20999df2af8eb42d56 -> 
========================================================================
Received Prepare
Registering precompiled user dll's ...
Registered in 0.008164 seconds.
Begin MonoManager ReloadAssembly
Refreshing native plugins compatible for Editor in 2.02 ms, found 3 plugins.
Preloading 0 native plugins for Editor in 0.00 ms.
Request called before API is initialized
UnityEngine.StackTraceUtility:ExtractStackTrace () (at /Users/sofia/Documents/Source/unity/Runtime/Export/Scripting/StackTrace.cs:37)
UnityEditor.PackageManager.Client:List (bool,bool) (at /Users/sofia/Documents/Source/unity/Modules/PackageManager/Editor/Managed/Client.cs:13)
UnityEditor.PackageManager.Client:List () (at /Users/sofia/Documents/Source/unity/Modules/PackageManager/Editor/Managed/Client.cs:24)
UnityEditor.Purchasing.UnityPurchasingEditor:CheckUdpUmpPackageInstalled () (at Library/PackageCache/com.unity.purchasing@4.1.1/Editor/UnityPurchasingEditor.cs:84)
System.Reflection.RuntimeMethodInfo:Invoke (object,System.Reflection.BindingFlags,System.Reflection.Binder,object[],System.Globalization.CultureInfo)
System.Reflection.MethodBase:Invoke (object,object[])
UnityEditor.EditorAssemblies:ProcessInitializeOnLoadMethodAttributes () (at /Users/sofia/Documents/Source/unity/Editor/Mono/EditorAssemblies.cs:147)

[/Users/sofia/Documents/Source/unity/Modules/PackageManager/Editor/Managed/Client.cs line 13]

Mono: successfully reloaded assembly
- Completed reload, in  2.014 seconds
Domain Reload Profiling:
	ReloadAssembly (2015ms)
		BeginReloadAssembly (157ms)
			ExecutionOrderSort (0ms)
			DisableScriptedObjects (9ms)
			BackupInstance (0ms)
			ReleaseScriptingObjects (0ms)
			CreateAndSetChildDomain (60ms)
		EndReloadAssembly (1725ms)
			LoadAssemblies (79ms)
			RebuildTransferFunctionScriptingTraits (0ms)
			SetupTypeCache (300ms)
			ReleaseScriptCaches (3ms)
			RebuildScriptCaches (89ms)
			SetupLoadedEditorAssemblies (1032ms)
				LogAssemblyErrors (0ms)
				InitializePlatformSupportModulesInManaged (1ms)
				SetLoadedEditorAssemblies (1ms)
				RefreshPlugins (2ms)
				BeforeProcessingInitializeOnLoad (510ms)
				ProcessInitializeOnLoadAttributes (386ms)
				ProcessInitializeOnLoadMethodAttributes (127ms)
				AfterProcessingInitializeOnLoad (5ms)
				EditorAssembliesLoaded (0ms)
			ExecutionOrderSort2 (0ms)
			AwakeInstancesAfterBackupRestoration (7ms)
Platform modules already initialized, skipping
Refreshing native plugins compatible for Editor in 2.40 ms, found 3 plugins.
Preloading 0 native plugins for Editor in 0.00 ms.
Unloading 2082 Unused Serialized files (Serialized files now loaded: 0)
Unloading 57 unused Assets / (29.5 KB). Loaded Objects now: 2620.
Memory consumption went from 181.0 MB to 181.0 MB.
Total: 8.005683 ms (FindLiveObjects: 0.460173 ms CreateObjectMapping: 0.332655 ms MarkObjects: 6.973217 ms  DeleteObjects: 0.236605 ms)

AssetImportParameters requested are different than current active one (requested -> active):
  custom:video-decoder-ogg-theora: a1e56fd34408186e4bbccfd4996cb3dc -> 
  custom:container-muxer-webm: aa71ff27fc2769a1b78a27578f13a17b -> 
  custom:container-demuxer-webm: 4f35f7cbe854078d1ac9338744f61a02 -> 
  custom:video-encoder-webm-vp8: eb34c28f22e8b96e1ab97ce403110664 -> 
  custom:framework-osx-AVFoundation: e770b220cccbd017edd2c1fefb359320 -> 
  custom:audio-encoder-webm-vorbis: bf7c407c2cedff20999df2af8eb42d56 -> 
  custom:container-demuxer-ogg: 62fdf1f143b41e24485cea50d1cbac27 -> 
  custom:video-decoder-webm-vp8: 9c59270c3fd7afecdb556c50c9e8de78 -> 
  custom:audio-decoder-ogg-vorbis: bf7c407c2cedff20999df2af8eb42d56 -> 
========================================================================
Received Import Request.
  Time since last request: 405.127893 seconds.
  path: Assets/Scripts
  artifactKey: Guid(c97863b36d865a5479fee6187a6f7391) Importer(815301076,1909f56bfc062723c751e8b465ee728b)
Start importing Assets/Scripts using Guid(c97863b36d865a5479fee6187a6f7391) Importer(815301076,1909f56bfc062723c751e8b465ee728b)  -> (artifact id: '71f66fcd138d328e352d3fbc036062fa') in 0.028144 seconds 
========================================================================
Received Import Request.
  Time since last request: 6.704873 seconds.
  path: Assets/Scripts/SCR_Card.cs
  artifactKey: Guid(4b53af22db3efd140996e652cf5df9b1) Importer(815301076,1909f56bfc062723c751e8b465ee728b)
Start importing Assets/Scripts/SCR_Card.cs using Guid(4b53af22db3efd140996e652cf5df9b1) Importer(815301076,1909f56bfc062723c751e8b465ee728b)  -> (artifact id: '0cceb708bb66ca0f9b875dfff7ed8ca5') in 0.475753 seconds 
========================================================================
Received Import Request.
  Time since last request: 108.305295 seconds.
  path: Assets/Scripts/SCR_Card.cs
  artifactKey: Guid(4b53af22db3efd140996e652cf5df9b1) Importer(815301076,1909f56bfc062723c751e8b465ee728b)
Start importing Assets/Scripts/SCR_Card.cs using Guid(4b53af22db3efd140996e652cf5df9b1) Importer(815301076,1909f56bfc062723c751e8b465ee728b)  -> (artifact id: 'b61effb2b7a650d189f2213ca92e7dee') in 0.003723 seconds 
========================================================================
Received Import Request.
  Time since last request: 16.128448 seconds.
  path: Assets/Scripts/SCR_ManageQuit.cs
  artifactKey: Guid(551e8531cc7c5bb449b2c51067c3dd25) Importer(815301076,1909f56bfc062723c751e8b465ee728b)
Start importing Assets/Scripts/SCR_ManageQuit.cs using Guid(551e8531cc7c5bb449b2c51067c3dd25) Importer(815301076,1909f56bfc062723c751e8b465ee728b)  -> (artifact id: 'dca8b78162fafc96597049dc4b40ec4c') in 0.003297 seconds 
========================================================================
Received Import Request.
  Time since last request: 8.987999 seconds.
  path: Assets/Scripts/SCR_MemoramaManagr.cs
  artifactKey: Guid(3e91da2c0c30baa42a9df8c5f8ef0c3b) Importer(815301076,1909f56bfc062723c751e8b465ee728b)
Start importing Assets/Scripts/SCR_MemoramaManagr.cs using Guid(3e91da2c0c30baa42a9df8c5f8ef0c3b) Importer(815301076,1909f56bfc062723c751e8b465ee728b)  -> (artifact id: '49ab3850ccdc881dc405092636949cc8') in 0.003562 seconds 
========================================================================
Received Import Request.
  Time since last request: 89.143850 seconds.
  path: Assets/Scripts/SCR_MemoramaManagr.cs
  artifactKey: Guid(3e91da2c0c30baa42a9df8c5f8ef0c3b) Importer(815301076,1909f56bfc062723c751e8b465ee728b)
Start importing Assets/Scripts/SCR_MemoramaManagr.cs using Guid(3e91da2c0c30baa42a9df8c5f8ef0c3b) Importer(815301076,1909f56bfc062723c751e8b465ee728b)  -> (artifact id: '4f3cecefdc861f832a1bf2d6cf7e95d6') in 0.003742 seconds 
========================================================================
Received Import Request.
  Time since last request: 2.789110 seconds.
  path: Assets/03. Asset/Flat icoon n UI
  artifactKey: Guid(b38bf6206b44f6a4c829b982c4779124) Importer(815301076,1909f56bfc062723c751e8b465ee728b)
Start importing Assets/03. Asset/Flat icoon n UI using Guid(b38bf6206b44f6a4c829b982c4779124) Importer(815301076,1909f56bfc062723c751e8b465ee728b)  -> (artifact id: 'ec6d8de806f8de72bb1ee5604efc7f62') in 0.001471 seconds 
========================================================================
Received Import Request.
  Time since last request: 7.243647 seconds.
  path: Assets/Resources/BillingMode.json
  artifactKey: Guid(d91d4ad833df94738ae972b38ccdf2b2) Importer(815301076,1909f56bfc062723c751e8b465ee728b)
Start importing Assets/Resources/BillingMode.json using Guid(d91d4ad833df94738ae972b38ccdf2b2) Importer(815301076,1909f56bfc062723c751e8b465ee728b)  -> (artifact id: 'fe2c4ee4d8df44965d7233574e53616c') in 1.569365 seconds 
========================================================================
Received Prepare
Registering precompiled user dll's ...
Registered in 0.003707 seconds.
Begin MonoManager ReloadAssembly
Refreshing native plugins compatible for Editor in 2.08 ms, found 1 plugins.
Preloading 0 native plugins for Editor in 0.00 ms.
Request called before API is initialized
UnityEngine.StackTraceUtility:ExtractStackTrace () (at /Users/sofia/Documents/Source/unity/Runtime/Export/Scripting/StackTrace.cs:37)
UnityEditor.PackageManager.Client:List (bool,bool) (at /Users/sofia/Documents/Source/unity/Modules/PackageManager/Editor/Managed/Client.cs:13)
UnityEditor.PackageManager.Client:List () (at /Users/sofia/Documents/Source/unity/Modules/PackageManager/Editor/Managed/Client.cs:24)
UnityEditor.Purchasing.UnityPurchasingEditor:CheckUdpUmpPackageInstalled () (at Library/PackageCache/com.unity.purchasing@4.1.1/Editor/UnityPurchasingEditor.cs:84)
System.Reflection.RuntimeMethodInfo:Invoke (object,System.Reflection.BindingFlags,System.Reflection.Binder,object[],System.Globalization.CultureInfo)
System.Reflection.MethodBase:Invoke (object,object[])
UnityEditor.EditorAssemblies:ProcessInitializeOnLoadMethodAttributes () (at /Users/sofia/Documents/Source/unity/Editor/Mono/EditorAssemblies.cs:147)

[/Users/sofia/Documents/Source/unity/Modules/PackageManager/Editor/Managed/Client.cs line 13]

Mono: successfully reloaded assembly
- Completed reload, in  1.560 seconds
Domain Reload Profiling:
	ReloadAssembly (1561ms)
		BeginReloadAssembly (242ms)
			ExecutionOrderSort (0ms)
			DisableScriptedObjects (12ms)
			BackupInstance (0ms)
			ReleaseScriptingObjects (0ms)
			CreateAndSetChildDomain (75ms)
		EndReloadAssembly (1173ms)
			LoadAssemblies (168ms)
			RebuildTransferFunctionScriptingTraits (0ms)
			SetupTypeCache (226ms)
			ReleaseScriptCaches (2ms)
			RebuildScriptCaches (78ms)
			SetupLoadedEditorAssemblies (534ms)
				LogAssemblyErrors (0ms)
				InitializePlatformSupportModulesInManaged (2ms)
				SetLoadedEditorAssemblies (1ms)
				RefreshPlugins (2ms)
				BeforeProcessingInitializeOnLoad (108ms)
				ProcessInitializeOnLoadAttributes (285ms)
				ProcessInitializeOnLoadMethodAttributes (131ms)
				AfterProcessingInitializeOnLoad (5ms)
				EditorAssembliesLoaded (0ms)
			ExecutionOrderSort2 (0ms)
			AwakeInstancesAfterBackupRestoration (6ms)
Platform modules already initialized, skipping
Refreshing native plugins compatible for Editor in 1.75 ms, found 1 plugins.
Preloading 0 native plugins for Editor in 0.00 ms.
Unloading 1723 Unused Serialized files (Serialized files now loaded: 0)
Unloading 106 unused Assets / (25.1 KB). Loaded Objects now: 2617.
Memory consumption went from 168.6 MB to 168.6 MB.
Total: 7.160918 ms (FindLiveObjects: 0.604676 ms CreateObjectMapping: 0.291213 ms MarkObjects: 6.056499 ms  DeleteObjects: 0.206517 ms)

AssetImportParameters requested are different than current active one (requested -> active):
  custom:video-decoder-ogg-theora: a1e56fd34408186e4bbccfd4996cb3dc -> 
  custom:container-muxer-webm: aa71ff27fc2769a1b78a27578f13a17b -> 
  custom:container-demuxer-webm: 4f35f7cbe854078d1ac9338744f61a02 -> 
  custom:video-encoder-webm-vp8: eb34c28f22e8b96e1ab97ce403110664 -> 
  custom:framework-osx-AVFoundation: e770b220cccbd017edd2c1fefb359320 -> 
  custom:audio-encoder-webm-vorbis: bf7c407c2cedff20999df2af8eb42d56 -> 
  custom:container-demuxer-ogg: 62fdf1f143b41e24485cea50d1cbac27 -> 
  custom:video-decoder-webm-vp8: 9c59270c3fd7afecdb556c50c9e8de78 -> 
  custom:audio-decoder-ogg-vorbis: bf7c407c2cedff20999df2af8eb42d56 -> 
